<?xml version="1.0" encoding="UTF-8"?>
<!-- Generated by org.testng.reporters.JUnitXMLReporter -->
<testsuite hostname="LKNDSS25J6MQ2" ignored="0" name="EkalW TestCases" tests="19" failures="2" timestamp="04 Jan 2019 10:42:01 GMT" time="416.439" errors="0">
  <testcase name="validateClusterDashboardClickTest" time="0.1" classname="com.ekalw.qa.testcases.DashBoardPageTest"/>
  <testcase name="validateSchoolsDashboardClickTest" time="0.105" classname="com.ekalw.qa.testcases.DashBoardPageTest"/>
  <testcase name="validateStudentDashboardClickTest" time="0.091" classname="com.ekalw.qa.testcases.DashBoardPageTest"/>
  <testcase name="validateTeachersDashboardClickTest" time="0.096" classname="com.ekalw.qa.testcases.DashBoardPageTest"/>
  <testcase name="test1" time="0.006" classname="com.ekalw.qa.testcases.MyRetryTest">
    <skipped/>
  </testcase> <!-- test1 -->
  <testcase name="test1" time="0.001" classname="com.ekalw.qa.testcases.MyRetryTest">
    <skipped/>
  </testcase> <!-- test1 -->
  <testcase name="test1" time="0.002" classname="com.ekalw.qa.testcases.MyRetryTest">
    <skipped/>
  </testcase> <!-- test1 -->
  <testcase name="test1" time="0.002" classname="com.ekalw.qa.testcases.MyRetryTest">
    <skipped/>
  </testcase> <!-- test1 -->
  <testcase name="test1" time="0.001" classname="com.ekalw.qa.testcases.MyRetryTest">
    <skipped/>
  </testcase> <!-- test1 -->
  <testcase name="test1" time="0.001" classname="com.ekalw.qa.testcases.MyRetryTest">
    <failure type="java.lang.AssertionError" message="expected [false] but found [true]">
      <![CDATA[java.lang.AssertionError: expected [false] but found [true]
at com.ekalw.qa.testcases.MyRetryTest.test1(MyRetryTest.java:35)
... Removed 31 stack frames]]>
    </failure>
  </testcase> <!-- test1 -->
  <testcase name="test2" time="0.001" classname="com.ekalw.qa.testcases.MyRetryTest"/>
  <testcase name="takeScreenshotDemo" time="0.002" classname="com.ekalw.qa.base.ScreenshotTest">
    <skipped/>
  </testcase> <!-- takeScreenshotDemo -->
  <testcase name="takeScreenshotDemo" time="0.001" classname="com.ekalw.qa.base.ScreenshotTest">
    <skipped/>
  </testcase> <!-- takeScreenshotDemo -->
  <testcase name="takeScreenshotDemo" time="0.0" classname="com.ekalw.qa.base.ScreenshotTest">
    <skipped/>
  </testcase> <!-- takeScreenshotDemo -->
  <testcase name="takeScreenshotDemo" time="0.0" classname="com.ekalw.qa.base.ScreenshotTest">
    <skipped/>
  </testcase> <!-- takeScreenshotDemo -->
  <testcase name="takeScreenshotDemo" time="0.001" classname="com.ekalw.qa.base.ScreenshotTest">
    <skipped/>
  </testcase> <!-- takeScreenshotDemo -->
  <testcase name="takeScreenshotDemo" time="0.0" classname="com.ekalw.qa.base.ScreenshotTest">
    <failure type="java.lang.AssertionError" message="expected [true] but found [false]">
      <![CDATA[java.lang.AssertionError: expected [true] but found [false]
at com.ekalw.qa.base.ScreenshotTest.takeScreenshotDemo(ScreenshotTest.java:32)
... Removed 31 stack frames]]>
    </failure>
  </testcase> <!-- takeScreenshotDemo -->
  <testcase name="validateSignInPageTitleTest" time="0.005" classname="com.ekalw.qa.testcases.SignInPageTest"/>
  <testcase name="validateWelcomePageTitleTest" time="5.006" classname="com.ekalw.qa.testcases.WelcomePageTest"/>
</testsuite> <!-- EkalW TestCases -->
